2015-12-22 15:33:55  [ pool-1-thread-1:622 ] - [ ERROR ]  process request Request{url='http://www.lagou.com/jobs/positionAjax.json?', method='POST', extras={nameValuePair=[Ljava.lang.Object;@33cd2175, statusCode=0}, priority=0} error
java.lang.ClassCastException: [Ljava.lang.Object; cannot be cast to [Lorg.apache.http.NameValuePair;
	at us.codecraft.webmagic.downloader.HttpClientDownloader.selectRequestMethod(HttpClientDownloader.java:160)
	at us.codecraft.webmagic.downloader.HttpClientDownloader.getHttpUriRequest(HttpClientDownloader.java:133)
	at us.codecraft.webmagic.downloader.HttpClientDownloader.download(HttpClientDownloader.java:91)
	at us.codecraft.webmagic.Spider.processRequest(Spider.java:408)
	at us.codecraft.webmagic.Spider$1.run(Spider.java:322)
	at us.codecraft.webmagic.selector.thread.CountableThreadPool$1.run(CountableThreadPool.java:74)
	at java.util.concurrent.ThreadPoolExecutor.runWorker(ThreadPoolExecutor.java:1142)
	at java.util.concurrent.ThreadPoolExecutor$Worker.run(ThreadPoolExecutor.java:617)
	at java.lang.Thread.run(Thread.java:745)
2015-12-22 17:19:31  [ pool-1-thread-1:649 ] - [ ERROR ]  process request Request{url='http://www.lagou.com/jobs/positionAjax.json?first=false&kd=%25E6%2595%25B0%25E6%258D%25AE%25E6%258C%2596%25E6%258E%2598&pn=1', method='POST', extras={statusCode=0}, priority=0} error
java.lang.NullPointerException
	at us.codecraft.webmagic.downloader.HttpClientDownloader.selectRequestMethod(HttpClientDownloader.java:161)
	at us.codecraft.webmagic.downloader.HttpClientDownloader.getHttpUriRequest(HttpClientDownloader.java:133)
	at us.codecraft.webmagic.downloader.HttpClientDownloader.download(HttpClientDownloader.java:91)
	at us.codecraft.webmagic.Spider.processRequest(Spider.java:408)
	at us.codecraft.webmagic.Spider$1.run(Spider.java:322)
	at us.codecraft.webmagic.selector.thread.CountableThreadPool$1.run(CountableThreadPool.java:74)
	at java.util.concurrent.ThreadPoolExecutor.runWorker(ThreadPoolExecutor.java:1142)
	at java.util.concurrent.ThreadPoolExecutor$Worker.run(ThreadPoolExecutor.java:617)
	at java.lang.Thread.run(Thread.java:745)
